<?xml version="1.0" encoding="UTF-8"?>
<testsuite xmlns:xsi="http://www.w3.org/2001/XMLSchema-instance" xsi:noNamespaceSchemaLocation="https://maven.apache.org/surefire/maven-surefire-plugin/xsd/surefire-test-report-3.0.xsd" version="3.0" name="com.indra.co.NearBy_Pro_Backend.NearByProBackendApplicationTests" time="2.965" tests="1" errors="0" skipped="0" failures="0">
  <properties>
    <property name="java.specification.version" value="23"/>
    <property name="sun.jnu.encoding" value="UTF-8"/>
    <property name="java.class.path" value="/Users/rajanjaiswal/Desktop/Dev/NearBy-Pro-Backend/target/test-classes:/Users/rajanjaiswal/Desktop/Dev/NearBy-Pro-Backend/target/classes:/Users/rajanjaiswal/.m2/repository/org/springframework/boot/spring-boot-starter-data-mongodb/3.2.3/spring-boot-starter-data-mongodb-3.2.3.jar:/Users/rajanjaiswal/.m2/repository/org/springframework/boot/spring-boot-starter/3.2.3/spring-boot-starter-3.2.3.jar:/Users/rajanjaiswal/.m2/repository/org/springframework/boot/spring-boot/3.2.3/spring-boot-3.2.3.jar:/Users/rajanjaiswal/.m2/repository/org/springframework/boot/spring-boot-autoconfigure/3.2.3/spring-boot-autoconfigure-3.2.3.jar:/Users/rajanjaiswal/.m2/repository/org/springframework/boot/spring-boot-starter-logging/3.2.3/spring-boot-starter-logging-3.2.3.jar:/Users/rajanjaiswal/.m2/repository/ch/qos/logback/logback-classic/1.4.14/logback-classic-1.4.14.jar:/Users/rajanjaiswal/.m2/repository/ch/qos/logback/logback-core/1.4.14/logback-core-1.4.14.jar:/Users/rajanjaiswal/.m2/repository/org/apache/logging/log4j/log4j-to-slf4j/2.21.1/log4j-to-slf4j-2.21.1.jar:/Users/rajanjaiswal/.m2/repository/org/apache/logging/log4j/log4j-api/2.21.1/log4j-api-2.21.1.jar:/Users/rajanjaiswal/.m2/repository/org/slf4j/jul-to-slf4j/2.0.12/jul-to-slf4j-2.0.12.jar:/Users/rajanjaiswal/.m2/repository/jakarta/annotation/jakarta.annotation-api/2.1.1/jakarta.annotation-api-2.1.1.jar:/Users/rajanjaiswal/.m2/repository/org/yaml/snakeyaml/2.2/snakeyaml-2.2.jar:/Users/rajanjaiswal/.m2/repository/org/mongodb/mongodb-driver-sync/4.11.1/mongodb-driver-sync-4.11.1.jar:/Users/rajanjaiswal/.m2/repository/org/mongodb/bson/4.11.1/bson-4.11.1.jar:/Users/rajanjaiswal/.m2/repository/org/mongodb/mongodb-driver-core/4.11.1/mongodb-driver-core-4.11.1.jar:/Users/rajanjaiswal/.m2/repository/org/mongodb/bson-record-codec/4.11.1/bson-record-codec-4.11.1.jar:/Users/rajanjaiswal/.m2/repository/org/springframework/data/spring-data-mongodb/4.2.3/spring-data-mongodb-4.2.3.jar:/Users/rajanjaiswal/.m2/repository/org/springframework/spring-tx/6.1.4/spring-tx-6.1.4.jar:/Users/rajanjaiswal/.m2/repository/org/springframework/data/spring-data-commons/3.2.3/spring-data-commons-3.2.3.jar:/Users/rajanjaiswal/.m2/repository/org/slf4j/slf4j-api/2.0.12/slf4j-api-2.0.12.jar:/Users/rajanjaiswal/.m2/repository/org/springframework/boot/spring-boot-starter-web/3.2.3/spring-boot-starter-web-3.2.3.jar:/Users/rajanjaiswal/.m2/repository/org/springframework/boot/spring-boot-starter-json/3.2.3/spring-boot-starter-json-3.2.3.jar:/Users/rajanjaiswal/.m2/repository/com/fasterxml/jackson/core/jackson-databind/2.15.4/jackson-databind-2.15.4.jar:/Users/rajanjaiswal/.m2/repository/com/fasterxml/jackson/core/jackson-core/2.15.4/jackson-core-2.15.4.jar:/Users/rajanjaiswal/.m2/repository/com/fasterxml/jackson/datatype/jackson-datatype-jdk8/2.15.4/jackson-datatype-jdk8-2.15.4.jar:/Users/rajanjaiswal/.m2/repository/com/fasterxml/jackson/datatype/jackson-datatype-jsr310/2.15.4/jackson-datatype-jsr310-2.15.4.jar:/Users/rajanjaiswal/.m2/repository/com/fasterxml/jackson/module/jackson-module-parameter-names/2.15.4/jackson-module-parameter-names-2.15.4.jar:/Users/rajanjaiswal/.m2/repository/org/springframework/boot/spring-boot-starter-tomcat/3.2.3/spring-boot-starter-tomcat-3.2.3.jar:/Users/rajanjaiswal/.m2/repository/org/apache/tomcat/embed/tomcat-embed-core/10.1.19/tomcat-embed-core-10.1.19.jar:/Users/rajanjaiswal/.m2/repository/org/apache/tomcat/embed/tomcat-embed-el/10.1.19/tomcat-embed-el-10.1.19.jar:/Users/rajanjaiswal/.m2/repository/org/apache/tomcat/embed/tomcat-embed-websocket/10.1.19/tomcat-embed-websocket-10.1.19.jar:/Users/rajanjaiswal/.m2/repository/org/springframework/spring-web/6.1.4/spring-web-6.1.4.jar:/Users/rajanjaiswal/.m2/repository/io/micrometer/micrometer-observation/1.12.3/micrometer-observation-1.12.3.jar:/Users/rajanjaiswal/.m2/repository/io/micrometer/micrometer-commons/1.12.3/micrometer-commons-1.12.3.jar:/Users/rajanjaiswal/.m2/repository/org/springframework/spring-webmvc/6.1.4/spring-webmvc-6.1.4.jar:/Users/rajanjaiswal/.m2/repository/org/projectlombok/lombok/1.18.30/lombok-1.18.30.jar:/Users/rajanjaiswal/.m2/repository/org/springframework/boot/spring-boot-starter-test/3.2.3/spring-boot-starter-test-3.2.3.jar:/Users/rajanjaiswal/.m2/repository/org/springframework/boot/spring-boot-test/3.2.3/spring-boot-test-3.2.3.jar:/Users/rajanjaiswal/.m2/repository/org/springframework/boot/spring-boot-test-autoconfigure/3.2.3/spring-boot-test-autoconfigure-3.2.3.jar:/Users/rajanjaiswal/.m2/repository/com/jayway/jsonpath/json-path/2.9.0/json-path-2.9.0.jar:/Users/rajanjaiswal/.m2/repository/jakarta/xml/bind/jakarta.xml.bind-api/4.0.1/jakarta.xml.bind-api-4.0.1.jar:/Users/rajanjaiswal/.m2/repository/jakarta/activation/jakarta.activation-api/2.1.2/jakarta.activation-api-2.1.2.jar:/Users/rajanjaiswal/.m2/repository/net/minidev/json-smart/2.5.0/json-smart-2.5.0.jar:/Users/rajanjaiswal/.m2/repository/net/minidev/accessors-smart/2.5.0/accessors-smart-2.5.0.jar:/Users/rajanjaiswal/.m2/repository/org/ow2/asm/asm/9.3/asm-9.3.jar:/Users/rajanjaiswal/.m2/repository/org/assertj/assertj-core/3.24.2/assertj-core-3.24.2.jar:/Users/rajanjaiswal/.m2/repository/net/bytebuddy/byte-buddy/1.14.12/byte-buddy-1.14.12.jar:/Users/rajanjaiswal/.m2/repository/org/awaitility/awaitility/4.2.0/awaitility-4.2.0.jar:/Users/rajanjaiswal/.m2/repository/org/hamcrest/hamcrest/2.2/hamcrest-2.2.jar:/Users/rajanjaiswal/.m2/repository/org/junit/jupiter/junit-jupiter/5.10.2/junit-jupiter-5.10.2.jar:/Users/rajanjaiswal/.m2/repository/org/junit/jupiter/junit-jupiter-api/5.10.2/junit-jupiter-api-5.10.2.jar:/Users/rajanjaiswal/.m2/repository/org/opentest4j/opentest4j/1.3.0/opentest4j-1.3.0.jar:/Users/rajanjaiswal/.m2/repository/org/junit/platform/junit-platform-commons/1.10.2/junit-platform-commons-1.10.2.jar:/Users/rajanjaiswal/.m2/repository/org/apiguardian/apiguardian-api/1.1.2/apiguardian-api-1.1.2.jar:/Users/rajanjaiswal/.m2/repository/org/junit/jupiter/junit-jupiter-params/5.10.2/junit-jupiter-params-5.10.2.jar:/Users/rajanjaiswal/.m2/repository/org/junit/jupiter/junit-jupiter-engine/5.10.2/junit-jupiter-engine-5.10.2.jar:/Users/rajanjaiswal/.m2/repository/org/junit/platform/junit-platform-engine/1.10.2/junit-platform-engine-1.10.2.jar:/Users/rajanjaiswal/.m2/repository/org/mockito/mockito-core/5.7.0/mockito-core-5.7.0.jar:/Users/rajanjaiswal/.m2/repository/net/bytebuddy/byte-buddy-agent/1.14.12/byte-buddy-agent-1.14.12.jar:/Users/rajanjaiswal/.m2/repository/org/objenesis/objenesis/3.3/objenesis-3.3.jar:/Users/rajanjaiswal/.m2/repository/org/mockito/mockito-junit-jupiter/5.7.0/mockito-junit-jupiter-5.7.0.jar:/Users/rajanjaiswal/.m2/repository/org/skyscreamer/jsonassert/1.5.1/jsonassert-1.5.1.jar:/Users/rajanjaiswal/.m2/repository/com/vaadin/external/google/android-json/0.0.20131108.vaadin1/android-json-0.0.20131108.vaadin1.jar:/Users/rajanjaiswal/.m2/repository/org/springframework/spring-core/6.1.4/spring-core-6.1.4.jar:/Users/rajanjaiswal/.m2/repository/org/springframework/spring-jcl/6.1.4/spring-jcl-6.1.4.jar:/Users/rajanjaiswal/.m2/repository/org/springframework/spring-test/6.1.4/spring-test-6.1.4.jar:/Users/rajanjaiswal/.m2/repository/org/xmlunit/xmlunit-core/2.9.1/xmlunit-core-2.9.1.jar:/Users/rajanjaiswal/.m2/repository/org/springdoc/springdoc-openapi-starter-webmvc-ui/2.3.0/springdoc-openapi-starter-webmvc-ui-2.3.0.jar:/Users/rajanjaiswal/.m2/repository/org/springdoc/springdoc-openapi-starter-webmvc-api/2.3.0/springdoc-openapi-starter-webmvc-api-2.3.0.jar:/Users/rajanjaiswal/.m2/repository/org/springdoc/springdoc-openapi-starter-common/2.3.0/springdoc-openapi-starter-common-2.3.0.jar:/Users/rajanjaiswal/.m2/repository/io/swagger/core/v3/swagger-core-jakarta/2.2.19/swagger-core-jakarta-2.2.19.jar:/Users/rajanjaiswal/.m2/repository/org/apache/commons/commons-lang3/3.13.0/commons-lang3-3.13.0.jar:/Users/rajanjaiswal/.m2/repository/io/swagger/core/v3/swagger-annotations-jakarta/2.2.19/swagger-annotations-jakarta-2.2.19.jar:/Users/rajanjaiswal/.m2/repository/io/swagger/core/v3/swagger-models-jakarta/2.2.19/swagger-models-jakarta-2.2.19.jar:/Users/rajanjaiswal/.m2/repository/jakarta/validation/jakarta.validation-api/3.0.2/jakarta.validation-api-3.0.2.jar:/Users/rajanjaiswal/.m2/repository/com/fasterxml/jackson/dataformat/jackson-dataformat-yaml/2.15.4/jackson-dataformat-yaml-2.15.4.jar:/Users/rajanjaiswal/.m2/repository/org/webjars/swagger-ui/5.10.3/swagger-ui-5.10.3.jar:/Users/rajanjaiswal/.m2/repository/io/swagger/core/v3/swagger-models/2.2.20/swagger-models-2.2.20.jar:/Users/rajanjaiswal/.m2/repository/com/fasterxml/jackson/core/jackson-annotations/2.15.4/jackson-annotations-2.15.4.jar:/Users/rajanjaiswal/.m2/repository/org/springframework/boot/spring-boot-starter-security/3.2.3/spring-boot-starter-security-3.2.3.jar:/Users/rajanjaiswal/.m2/repository/org/springframework/spring-aop/6.1.4/spring-aop-6.1.4.jar:/Users/rajanjaiswal/.m2/repository/org/springframework/security/spring-security-config/6.2.2/spring-security-config-6.2.2.jar:/Users/rajanjaiswal/.m2/repository/org/springframework/security/spring-security-core/6.2.2/spring-security-core-6.2.2.jar:/Users/rajanjaiswal/.m2/repository/org/springframework/security/spring-security-crypto/6.2.2/spring-security-crypto-6.2.2.jar:/Users/rajanjaiswal/.m2/repository/org/springframework/spring-beans/6.1.4/spring-beans-6.1.4.jar:/Users/rajanjaiswal/.m2/repository/org/springframework/spring-context/6.1.4/spring-context-6.1.4.jar:/Users/rajanjaiswal/.m2/repository/org/springframework/security/spring-security-web/6.2.2/spring-security-web-6.2.2.jar:/Users/rajanjaiswal/.m2/repository/org/springframework/spring-expression/6.1.4/spring-expression-6.1.4.jar:"/>
    <property name="java.vm.vendor" value="Homebrew"/>
    <property name="sun.arch.data.model" value="64"/>
    <property name="java.vendor.url" value="https://github.com/Homebrew/homebrew-core/issues"/>
    <property name="user.timezone" value="Asia/Kolkata"/>
    <property name="os.name" value="Mac OS X"/>
    <property name="java.vm.specification.version" value="23"/>
    <property name="sun.java.launcher" value="SUN_STANDARD"/>
    <property name="user.country" value="US"/>
    <property name="sun.boot.library.path" value="/opt/homebrew/Cellar/openjdk/23.0.2/libexec/openjdk.jdk/Contents/Home/lib"/>
    <property name="sun.java.command" value="/Users/rajanjaiswal/Desktop/Dev/NearBy-Pro-Backend/target/surefire/surefirebooter-20250517174618778_3.jar /Users/rajanjaiswal/Desktop/Dev/NearBy-Pro-Backend/target/surefire 2025-05-17T17-46-18_665-jvmRun1 surefire-20250517174618778_1tmp surefire_0-20250517174618778_2tmp"/>
    <property name="http.nonProxyHosts" value="local|*.local|169.254/16|*.169.254/16"/>
    <property name="jdk.debug" value="release"/>
    <property name="surefire.test.class.path" value="/Users/rajanjaiswal/Desktop/Dev/NearBy-Pro-Backend/target/test-classes:/Users/rajanjaiswal/Desktop/Dev/NearBy-Pro-Backend/target/classes:/Users/rajanjaiswal/.m2/repository/org/springframework/boot/spring-boot-starter-data-mongodb/3.2.3/spring-boot-starter-data-mongodb-3.2.3.jar:/Users/rajanjaiswal/.m2/repository/org/springframework/boot/spring-boot-starter/3.2.3/spring-boot-starter-3.2.3.jar:/Users/rajanjaiswal/.m2/repository/org/springframework/boot/spring-boot/3.2.3/spring-boot-3.2.3.jar:/Users/rajanjaiswal/.m2/repository/org/springframework/boot/spring-boot-autoconfigure/3.2.3/spring-boot-autoconfigure-3.2.3.jar:/Users/rajanjaiswal/.m2/repository/org/springframework/boot/spring-boot-starter-logging/3.2.3/spring-boot-starter-logging-3.2.3.jar:/Users/rajanjaiswal/.m2/repository/ch/qos/logback/logback-classic/1.4.14/logback-classic-1.4.14.jar:/Users/rajanjaiswal/.m2/repository/ch/qos/logback/logback-core/1.4.14/logback-core-1.4.14.jar:/Users/rajanjaiswal/.m2/repository/org/apache/logging/log4j/log4j-to-slf4j/2.21.1/log4j-to-slf4j-2.21.1.jar:/Users/rajanjaiswal/.m2/repository/org/apache/logging/log4j/log4j-api/2.21.1/log4j-api-2.21.1.jar:/Users/rajanjaiswal/.m2/repository/org/slf4j/jul-to-slf4j/2.0.12/jul-to-slf4j-2.0.12.jar:/Users/rajanjaiswal/.m2/repository/jakarta/annotation/jakarta.annotation-api/2.1.1/jakarta.annotation-api-2.1.1.jar:/Users/rajanjaiswal/.m2/repository/org/yaml/snakeyaml/2.2/snakeyaml-2.2.jar:/Users/rajanjaiswal/.m2/repository/org/mongodb/mongodb-driver-sync/4.11.1/mongodb-driver-sync-4.11.1.jar:/Users/rajanjaiswal/.m2/repository/org/mongodb/bson/4.11.1/bson-4.11.1.jar:/Users/rajanjaiswal/.m2/repository/org/mongodb/mongodb-driver-core/4.11.1/mongodb-driver-core-4.11.1.jar:/Users/rajanjaiswal/.m2/repository/org/mongodb/bson-record-codec/4.11.1/bson-record-codec-4.11.1.jar:/Users/rajanjaiswal/.m2/repository/org/springframework/data/spring-data-mongodb/4.2.3/spring-data-mongodb-4.2.3.jar:/Users/rajanjaiswal/.m2/repository/org/springframework/spring-tx/6.1.4/spring-tx-6.1.4.jar:/Users/rajanjaiswal/.m2/repository/org/springframework/data/spring-data-commons/3.2.3/spring-data-commons-3.2.3.jar:/Users/rajanjaiswal/.m2/repository/org/slf4j/slf4j-api/2.0.12/slf4j-api-2.0.12.jar:/Users/rajanjaiswal/.m2/repository/org/springframework/boot/spring-boot-starter-web/3.2.3/spring-boot-starter-web-3.2.3.jar:/Users/rajanjaiswal/.m2/repository/org/springframework/boot/spring-boot-starter-json/3.2.3/spring-boot-starter-json-3.2.3.jar:/Users/rajanjaiswal/.m2/repository/com/fasterxml/jackson/core/jackson-databind/2.15.4/jackson-databind-2.15.4.jar:/Users/rajanjaiswal/.m2/repository/com/fasterxml/jackson/core/jackson-core/2.15.4/jackson-core-2.15.4.jar:/Users/rajanjaiswal/.m2/repository/com/fasterxml/jackson/datatype/jackson-datatype-jdk8/2.15.4/jackson-datatype-jdk8-2.15.4.jar:/Users/rajanjaiswal/.m2/repository/com/fasterxml/jackson/datatype/jackson-datatype-jsr310/2.15.4/jackson-datatype-jsr310-2.15.4.jar:/Users/rajanjaiswal/.m2/repository/com/fasterxml/jackson/module/jackson-module-parameter-names/2.15.4/jackson-module-parameter-names-2.15.4.jar:/Users/rajanjaiswal/.m2/repository/org/springframework/boot/spring-boot-starter-tomcat/3.2.3/spring-boot-starter-tomcat-3.2.3.jar:/Users/rajanjaiswal/.m2/repository/org/apache/tomcat/embed/tomcat-embed-core/10.1.19/tomcat-embed-core-10.1.19.jar:/Users/rajanjaiswal/.m2/repository/org/apache/tomcat/embed/tomcat-embed-el/10.1.19/tomcat-embed-el-10.1.19.jar:/Users/rajanjaiswal/.m2/repository/org/apache/tomcat/embed/tomcat-embed-websocket/10.1.19/tomcat-embed-websocket-10.1.19.jar:/Users/rajanjaiswal/.m2/repository/org/springframework/spring-web/6.1.4/spring-web-6.1.4.jar:/Users/rajanjaiswal/.m2/repository/io/micrometer/micrometer-observation/1.12.3/micrometer-observation-1.12.3.jar:/Users/rajanjaiswal/.m2/repository/io/micrometer/micrometer-commons/1.12.3/micrometer-commons-1.12.3.jar:/Users/rajanjaiswal/.m2/repository/org/springframework/spring-webmvc/6.1.4/spring-webmvc-6.1.4.jar:/Users/rajanjaiswal/.m2/repository/org/projectlombok/lombok/1.18.30/lombok-1.18.30.jar:/Users/rajanjaiswal/.m2/repository/org/springframework/boot/spring-boot-starter-test/3.2.3/spring-boot-starter-test-3.2.3.jar:/Users/rajanjaiswal/.m2/repository/org/springframework/boot/spring-boot-test/3.2.3/spring-boot-test-3.2.3.jar:/Users/rajanjaiswal/.m2/repository/org/springframework/boot/spring-boot-test-autoconfigure/3.2.3/spring-boot-test-autoconfigure-3.2.3.jar:/Users/rajanjaiswal/.m2/repository/com/jayway/jsonpath/json-path/2.9.0/json-path-2.9.0.jar:/Users/rajanjaiswal/.m2/repository/jakarta/xml/bind/jakarta.xml.bind-api/4.0.1/jakarta.xml.bind-api-4.0.1.jar:/Users/rajanjaiswal/.m2/repository/jakarta/activation/jakarta.activation-api/2.1.2/jakarta.activation-api-2.1.2.jar:/Users/rajanjaiswal/.m2/repository/net/minidev/json-smart/2.5.0/json-smart-2.5.0.jar:/Users/rajanjaiswal/.m2/repository/net/minidev/accessors-smart/2.5.0/accessors-smart-2.5.0.jar:/Users/rajanjaiswal/.m2/repository/org/ow2/asm/asm/9.3/asm-9.3.jar:/Users/rajanjaiswal/.m2/repository/org/assertj/assertj-core/3.24.2/assertj-core-3.24.2.jar:/Users/rajanjaiswal/.m2/repository/net/bytebuddy/byte-buddy/1.14.12/byte-buddy-1.14.12.jar:/Users/rajanjaiswal/.m2/repository/org/awaitility/awaitility/4.2.0/awaitility-4.2.0.jar:/Users/rajanjaiswal/.m2/repository/org/hamcrest/hamcrest/2.2/hamcrest-2.2.jar:/Users/rajanjaiswal/.m2/repository/org/junit/jupiter/junit-jupiter/5.10.2/junit-jupiter-5.10.2.jar:/Users/rajanjaiswal/.m2/repository/org/junit/jupiter/junit-jupiter-api/5.10.2/junit-jupiter-api-5.10.2.jar:/Users/rajanjaiswal/.m2/repository/org/opentest4j/opentest4j/1.3.0/opentest4j-1.3.0.jar:/Users/rajanjaiswal/.m2/repository/org/junit/platform/junit-platform-commons/1.10.2/junit-platform-commons-1.10.2.jar:/Users/rajanjaiswal/.m2/repository/org/apiguardian/apiguardian-api/1.1.2/apiguardian-api-1.1.2.jar:/Users/rajanjaiswal/.m2/repository/org/junit/jupiter/junit-jupiter-params/5.10.2/junit-jupiter-params-5.10.2.jar:/Users/rajanjaiswal/.m2/repository/org/junit/jupiter/junit-jupiter-engine/5.10.2/junit-jupiter-engine-5.10.2.jar:/Users/rajanjaiswal/.m2/repository/org/junit/platform/junit-platform-engine/1.10.2/junit-platform-engine-1.10.2.jar:/Users/rajanjaiswal/.m2/repository/org/mockito/mockito-core/5.7.0/mockito-core-5.7.0.jar:/Users/rajanjaiswal/.m2/repository/net/bytebuddy/byte-buddy-agent/1.14.12/byte-buddy-agent-1.14.12.jar:/Users/rajanjaiswal/.m2/repository/org/objenesis/objenesis/3.3/objenesis-3.3.jar:/Users/rajanjaiswal/.m2/repository/org/mockito/mockito-junit-jupiter/5.7.0/mockito-junit-jupiter-5.7.0.jar:/Users/rajanjaiswal/.m2/repository/org/skyscreamer/jsonassert/1.5.1/jsonassert-1.5.1.jar:/Users/rajanjaiswal/.m2/repository/com/vaadin/external/google/android-json/0.0.20131108.vaadin1/android-json-0.0.20131108.vaadin1.jar:/Users/rajanjaiswal/.m2/repository/org/springframework/spring-core/6.1.4/spring-core-6.1.4.jar:/Users/rajanjaiswal/.m2/repository/org/springframework/spring-jcl/6.1.4/spring-jcl-6.1.4.jar:/Users/rajanjaiswal/.m2/repository/org/springframework/spring-test/6.1.4/spring-test-6.1.4.jar:/Users/rajanjaiswal/.m2/repository/org/xmlunit/xmlunit-core/2.9.1/xmlunit-core-2.9.1.jar:/Users/rajanjaiswal/.m2/repository/org/springdoc/springdoc-openapi-starter-webmvc-ui/2.3.0/springdoc-openapi-starter-webmvc-ui-2.3.0.jar:/Users/rajanjaiswal/.m2/repository/org/springdoc/springdoc-openapi-starter-webmvc-api/2.3.0/springdoc-openapi-starter-webmvc-api-2.3.0.jar:/Users/rajanjaiswal/.m2/repository/org/springdoc/springdoc-openapi-starter-common/2.3.0/springdoc-openapi-starter-common-2.3.0.jar:/Users/rajanjaiswal/.m2/repository/io/swagger/core/v3/swagger-core-jakarta/2.2.19/swagger-core-jakarta-2.2.19.jar:/Users/rajanjaiswal/.m2/repository/org/apache/commons/commons-lang3/3.13.0/commons-lang3-3.13.0.jar:/Users/rajanjaiswal/.m2/repository/io/swagger/core/v3/swagger-annotations-jakarta/2.2.19/swagger-annotations-jakarta-2.2.19.jar:/Users/rajanjaiswal/.m2/repository/io/swagger/core/v3/swagger-models-jakarta/2.2.19/swagger-models-jakarta-2.2.19.jar:/Users/rajanjaiswal/.m2/repository/jakarta/validation/jakarta.validation-api/3.0.2/jakarta.validation-api-3.0.2.jar:/Users/rajanjaiswal/.m2/repository/com/fasterxml/jackson/dataformat/jackson-dataformat-yaml/2.15.4/jackson-dataformat-yaml-2.15.4.jar:/Users/rajanjaiswal/.m2/repository/org/webjars/swagger-ui/5.10.3/swagger-ui-5.10.3.jar:/Users/rajanjaiswal/.m2/repository/io/swagger/core/v3/swagger-models/2.2.20/swagger-models-2.2.20.jar:/Users/rajanjaiswal/.m2/repository/com/fasterxml/jackson/core/jackson-annotations/2.15.4/jackson-annotations-2.15.4.jar:/Users/rajanjaiswal/.m2/repository/org/springframework/boot/spring-boot-starter-security/3.2.3/spring-boot-starter-security-3.2.3.jar:/Users/rajanjaiswal/.m2/repository/org/springframework/spring-aop/6.1.4/spring-aop-6.1.4.jar:/Users/rajanjaiswal/.m2/repository/org/springframework/security/spring-security-config/6.2.2/spring-security-config-6.2.2.jar:/Users/rajanjaiswal/.m2/repository/org/springframework/security/spring-security-core/6.2.2/spring-security-core-6.2.2.jar:/Users/rajanjaiswal/.m2/repository/org/springframework/security/spring-security-crypto/6.2.2/spring-security-crypto-6.2.2.jar:/Users/rajanjaiswal/.m2/repository/org/springframework/spring-beans/6.1.4/spring-beans-6.1.4.jar:/Users/rajanjaiswal/.m2/repository/org/springframework/spring-context/6.1.4/spring-context-6.1.4.jar:/Users/rajanjaiswal/.m2/repository/org/springframework/security/spring-security-web/6.2.2/spring-security-web-6.2.2.jar:/Users/rajanjaiswal/.m2/repository/org/springframework/spring-expression/6.1.4/spring-expression-6.1.4.jar:"/>
    <property name="sun.cpu.endian" value="little"/>
    <property name="user.home" value="/Users/rajanjaiswal"/>
    <property name="user.language" value="en"/>
    <property name="java.specification.vendor" value="Oracle Corporation"/>
    <property name="java.version.date" value="2025-01-21"/>
    <property name="java.home" value="/opt/homebrew/Cellar/openjdk/23.0.2/libexec/openjdk.jdk/Contents/Home"/>
    <property name="file.separator" value="/"/>
    <property name="basedir" value="/Users/rajanjaiswal/Desktop/Dev/NearBy-Pro-Backend"/>
    <property name="java.vm.compressedOopsMode" value="Zero based"/>
    <property name="line.separator" value="&#10;"/>
    <property name="java.vm.specification.vendor" value="Oracle Corporation"/>
    <property name="java.specification.name" value="Java Platform API Specification"/>
    <property name="FILE_LOG_CHARSET" value="UTF-8"/>
    <property name="java.awt.headless" value="true"/>
    <property name="apple.awt.application.name" value="ForkedBooter"/>
    <property name="surefire.real.class.path" value="/Users/rajanjaiswal/Desktop/Dev/NearBy-Pro-Backend/target/surefire/surefirebooter-20250517174618778_3.jar"/>
    <property name="sun.management.compiler" value="HotSpot 64-Bit Tiered Compilers"/>
    <property name="ftp.nonProxyHosts" value="local|*.local|169.254/16|*.169.254/16"/>
    <property name="java.runtime.version" value="23.0.2"/>
    <property name="user.name" value="rajanjaiswal"/>
    <property name="stdout.encoding" value="UTF-8"/>
    <property name="path.separator" value=":"/>
    <property name="os.version" value="15.5"/>
    <property name="java.runtime.name" value="OpenJDK Runtime Environment"/>
    <property name="file.encoding" value="UTF-8"/>
    <property name="java.vm.name" value="OpenJDK 64-Bit Server VM"/>
    <property name="java.vendor.version" value="Homebrew"/>
    <property name="localRepository" value="/Users/rajanjaiswal/.m2/repository"/>
    <property name="java.vendor.url.bug" value="https://github.com/Homebrew/homebrew-core/issues"/>
    <property name="java.io.tmpdir" value="/var/folders/pn/tn4ptw8d20x8h59vys5q04d00000gn/T/"/>
    <property name="java.version" value="23.0.2"/>
    <property name="user.dir" value="/Users/rajanjaiswal/Desktop/Dev/NearBy-Pro-Backend"/>
    <property name="os.arch" value="aarch64"/>
    <property name="java.vm.specification.name" value="Java Virtual Machine Specification"/>
    <property name="PID" value="31255"/>
    <property name="CONSOLE_LOG_CHARSET" value="UTF-8"/>
    <property name="native.encoding" value="UTF-8"/>
    <property name="java.library.path" value="/Users/rajanjaiswal/Library/Java/Extensions:/Library/Java/Extensions:/Network/Library/Java/Extensions:/System/Library/Java/Extensions:/usr/lib/java:."/>
    <property name="java.vm.info" value="mixed mode, sharing"/>
    <property name="stderr.encoding" value="UTF-8"/>
    <property name="java.vendor" value="Homebrew"/>
    <property name="java.vm.version" value="23.0.2"/>
    <property name="sun.io.unicode.encoding" value="UnicodeBig"/>
    <property name="socksNonProxyHosts" value="local|*.local|169.254/16|*.169.254/16"/>
    <property name="java.class.version" value="67.0"/>
    <property name="LOGGED_APPLICATION_NAME" value="[NearBy-Pro-Backend] "/>
  </properties>
  <testcase name="contextLoads" classname="com.indra.co.NearBy_Pro_Backend.NearByProBackendApplicationTests" time="0.639">
    <system-out><![CDATA[17:46:19.380 [main] INFO org.springframework.test.context.support.AnnotationConfigContextLoaderUtils -- Could not detect default configuration classes for test class [com.indra.co.NearBy_Pro_Backend.NearByProBackendApplicationTests]: NearByProBackendApplicationTests does not declare any static, non-private, non-final, nested classes annotated with @Configuration.
17:46:19.449 [main] INFO org.springframework.boot.test.context.SpringBootTestContextBootstrapper -- Found @SpringBootConfiguration com.indra.co.NearBy_Pro_Backend.NearByProBackendApplication for test class com.indra.co.NearBy_Pro_Backend.NearByProBackendApplicationTests

  .   ____          _            __ _ _
 /\\ / ___'_ __ _ _(_)_ __  __ _ \ \ \ \
( ( )\___ | '_ | '_| | '_ \/ _` | \ \ \ \
 \\/  ___)| |_)| | | | | || (_| |  ) ) ) )
  '  |____| .__|_| |_|_| |_\__, | / / / /
 =========|_|==============|___/=/_/_/_/
&amp#27;[32m :: Spring Boot :: &amp#27;[39m              &amp#27;[2m (v3.2.3)&amp#27;[0;39m

&amp#27;[2m2025-05-17T17:46:19.694+05:30&amp#27;[0;39m &amp#27;[32m INFO&amp#27;[0;39m &amp#27;[35m31255&amp#27;[0;39m &amp#27;[2m---&amp#27;[0;39m &amp#27;[2m[NearBy-Pro-Backend] [           main]&amp#27;[0;39m &amp#27;[2m&amp#27;[0;39m&amp#27;[36mc.i.c.N.NearByProBackendApplicationTests&amp#27;[0;39m &amp#27;[2m:&amp#27;[0;39m Starting NearByProBackendApplicationTests using Java 23.0.2 with PID 31255 (started by rajanjaiswal in /Users/rajanjaiswal/Desktop/Dev/NearBy-Pro-Backend)
&amp#27;[2m2025-05-17T17:46:19.695+05:30&amp#27;[0;39m &amp#27;[32m INFO&amp#27;[0;39m &amp#27;[35m31255&amp#27;[0;39m &amp#27;[2m---&amp#27;[0;39m &amp#27;[2m[NearBy-Pro-Backend] [           main]&amp#27;[0;39m &amp#27;[2m&amp#27;[0;39m&amp#27;[36mc.i.c.N.NearByProBackendApplicationTests&amp#27;[0;39m &amp#27;[2m:&amp#27;[0;39m No active profile set, falling back to 1 default profile: "default"
&amp#27;[2m2025-05-17T17:46:20.322+05:30&amp#27;[0;39m &amp#27;[32m INFO&amp#27;[0;39m &amp#27;[35m31255&amp#27;[0;39m &amp#27;[2m---&amp#27;[0;39m &amp#27;[2m[NearBy-Pro-Backend] [           main]&amp#27;[0;39m &amp#27;[2m&amp#27;[0;39m&amp#27;[36m.s.d.r.c.RepositoryConfigurationDelegate&amp#27;[0;39m &amp#27;[2m:&amp#27;[0;39m Bootstrapping Spring Data MongoDB repositories in DEFAULT mode.
&amp#27;[2m2025-05-17T17:46:20.366+05:30&amp#27;[0;39m &amp#27;[32m INFO&amp#27;[0;39m &amp#27;[35m31255&amp#27;[0;39m &amp#27;[2m---&amp#27;[0;39m &amp#27;[2m[NearBy-Pro-Backend] [           main]&amp#27;[0;39m &amp#27;[2m&amp#27;[0;39m&amp#27;[36m.s.d.r.c.RepositoryConfigurationDelegate&amp#27;[0;39m &amp#27;[2m:&amp#27;[0;39m Finished Spring Data repository scanning in 40 ms. Found 5 MongoDB repository interfaces.
&amp#27;[2m2025-05-17T17:46:20.761+05:30&amp#27;[0;39m &amp#27;[32m INFO&amp#27;[0;39m &amp#27;[35m31255&amp#27;[0;39m &amp#27;[2m---&amp#27;[0;39m &amp#27;[2m[NearBy-Pro-Backend] [           main]&amp#27;[0;39m &amp#27;[2m&amp#27;[0;39m&amp#27;[36morg.mongodb.driver.client               &amp#27;[0;39m &amp#27;[2m:&amp#27;[0;39m MongoClient with metadata {"driver": {"name": "mongo-java-driver|sync|spring-boot", "version": "4.11.1"}, "os": {"type": "Darwin", "name": "Mac OS X", "architecture": "aarch64", "version": "15.5"}, "platform": "Java/Homebrew/23.0.2"} created with settings MongoClientSettings{readPreference=primary, writeConcern=WriteConcern{w=null, wTimeout=null ms, journal=null}, retryWrites=true, retryReads=true, readConcern=ReadConcern{level=null}, credential=MongoCredential{mechanism=null, userName='inventory-admin', source='admin', password=<hidden>, mechanismProperties=<hidden>}, transportSettings=null, streamFactoryFactory=null, commandListeners=[], codecRegistry=ProvidersCodecRegistry{codecProviders=[ValueCodecProvider{}, BsonValueCodecProvider{}, DBRefCodecProvider{}, DBObjectCodecProvider{}, DocumentCodecProvider{}, CollectionCodecProvider{}, IterableCodecProvider{}, MapCodecProvider{}, GeoJsonCodecProvider{}, GridFSFileCodecProvider{}, Jsr310CodecProvider{}, JsonObjectCodecProvider{}, BsonCodecProvider{}, EnumCodecProvider{}, com.mongodb.client.model.mql.ExpressionCodecProvider@43f03c23, com.mongodb.Jep395RecordCodecProvider@7a1b8a46, com.mongodb.KotlinCodecProvider@2921199d]}, loggerSettings=LoggerSettings{maxDocumentLength=1000}, clusterSettings={hosts=[127.0.0.1:27017], srvHost=inventory.rbcanbq.mongodb.net, srvServiceName=mongodb, mode=MULTIPLE, requiredClusterType=REPLICA_SET, requiredReplicaSetName='atlas-13oxx1-shard-0', serverSelector='null', clusterListeners='[]', serverSelectionTimeout='30000 ms', localThreshold='15 ms'}, socketSettings=SocketSettings{connectTimeoutMS=10000, readTimeoutMS=0, receiveBufferSize=0, proxySettings=ProxySettings{host=null, port=null, username=null, password=null}}, heartbeatSocketSettings=SocketSettings{connectTimeoutMS=10000, readTimeoutMS=10000, receiveBufferSize=0, proxySettings=ProxySettings{host=null, port=null, username=null, password=null}}, connectionPoolSettings=ConnectionPoolSettings{maxSize=100, minSize=0, maxWaitTimeMS=120000, maxConnectionLifeTimeMS=0, maxConnectionIdleTimeMS=0, maintenanceInitialDelayMS=0, maintenanceFrequencyMS=60000, connectionPoolListeners=[], maxConnecting=2}, serverSettings=ServerSettings{heartbeatFrequencyMS=10000, minHeartbeatFrequencyMS=500, serverListeners='[]', serverMonitorListeners='[]'}, sslSettings=SslSettings{enabled=true, invalidHostNameAllowed=false, context=null}, applicationName='null', compressorList=[], uuidRepresentation=JAVA_LEGACY, serverApi=null, autoEncryptionSettings=null, dnsClient=null, inetAddressResolver=null, contextProvider=null}
&amp#27;[2m2025-05-17T17:46:20.872+05:30&amp#27;[0;39m &amp#27;[32m INFO&amp#27;[0;39m &amp#27;[35m31255&amp#27;[0;39m &amp#27;[2m---&amp#27;[0;39m &amp#27;[2m[NearBy-Pro-Backend] [nbq.mongodb.net]&amp#27;[0;39m &amp#27;[2m&amp#27;[0;39m&amp#27;[36morg.mongodb.driver.cluster              &amp#27;[0;39m &amp#27;[2m:&amp#27;[0;39m Adding discovered server ac-fgogpmb-shard-00-01.rbcanbq.mongodb.net:27017 to client view of cluster
&amp#27;[2m2025-05-17T17:46:20.887+05:30&amp#27;[0;39m &amp#27;[32m INFO&amp#27;[0;39m &amp#27;[35m31255&amp#27;[0;39m &amp#27;[2m---&amp#27;[0;39m &amp#27;[2m[NearBy-Pro-Backend] [nbq.mongodb.net]&amp#27;[0;39m &amp#27;[2m&amp#27;[0;39m&amp#27;[36morg.mongodb.driver.cluster              &amp#27;[0;39m &amp#27;[2m:&amp#27;[0;39m Adding discovered server ac-fgogpmb-shard-00-02.rbcanbq.mongodb.net:27017 to client view of cluster
&amp#27;[2m2025-05-17T17:46:20.888+05:30&amp#27;[0;39m &amp#27;[32m INFO&amp#27;[0;39m &amp#27;[35m31255&amp#27;[0;39m &amp#27;[2m---&amp#27;[0;39m &amp#27;[2m[NearBy-Pro-Backend] [nbq.mongodb.net]&amp#27;[0;39m &amp#27;[2m&amp#27;[0;39m&amp#27;[36morg.mongodb.driver.cluster              &amp#27;[0;39m &amp#27;[2m:&amp#27;[0;39m Adding discovered server ac-fgogpmb-shard-00-00.rbcanbq.mongodb.net:27017 to client view of cluster
&amp#27;[2m2025-05-17T17:46:21.198+05:30&amp#27;[0;39m &amp#27;[33m WARN&amp#27;[0;39m &amp#27;[35m31255&amp#27;[0;39m &amp#27;[2m---&amp#27;[0;39m &amp#27;[2m[NearBy-Pro-Backend] [           main]&amp#27;[0;39m &amp#27;[2m&amp#27;[0;39m&amp#27;[36m.s.s.UserDetailsServiceAutoConfiguration&amp#27;[0;39m &amp#27;[2m:&amp#27;[0;39m 

Using generated security password: efec0253-73e7-4766-8617-5b09f6cefc13

This generated password is for development use only. Your security configuration must be updated before running your application in production.

&amp#27;[2m2025-05-17T17:46:21.370+05:30&amp#27;[0;39m &amp#27;[32m INFO&amp#27;[0;39m &amp#27;[35m31255&amp#27;[0;39m &amp#27;[2m---&amp#27;[0;39m &amp#27;[2m[NearBy-Pro-Backend] [           main]&amp#27;[0;39m &amp#27;[2m&amp#27;[0;39m&amp#27;[36mo.s.s.web.DefaultSecurityFilterChain    &amp#27;[0;39m &amp#27;[2m:&amp#27;[0;39m Will secure any request with [org.springframework.security.web.session.DisableEncodeUrlFilter@3b3546a3, org.springframework.security.web.context.request.async.WebAsyncManagerIntegrationFilter@134c38, org.springframework.security.web.context.SecurityContextHolderFilter@6cf047cf, org.springframework.security.web.header.HeaderWriterFilter@29fcfc54, org.springframework.web.filter.CorsFilter@3d235635, org.springframework.security.web.csrf.CsrfFilter@79308a2, org.springframework.security.web.authentication.logout.LogoutFilter@20c3b34b, org.springframework.security.web.savedrequest.RequestCacheAwareFilter@323e026d, org.springframework.security.web.servletapi.SecurityContextHolderAwareRequestFilter@1716c037, org.springframework.security.web.authentication.AnonymousAuthenticationFilter@4cc7e3ad, org.springframework.security.web.session.SessionManagementFilter@3eb9c575, org.springframework.security.web.access.ExceptionTranslationFilter@7fac18dc, org.springframework.security.web.access.intercept.AuthorizationFilter@6c5ae8fd]
&amp#27;[2m2025-05-17T17:46:21.582+05:30&amp#27;[0;39m &amp#27;[32m INFO&amp#27;[0;39m &amp#27;[35m31255&amp#27;[0;39m &amp#27;[2m---&amp#27;[0;39m &amp#27;[2m[NearBy-Pro-Backend] [           main]&amp#27;[0;39m &amp#27;[2m&amp#27;[0;39m&amp#27;[36mc.i.c.N.NearByProBackendApplicationTests&amp#27;[0;39m &amp#27;[2m:&amp#27;[0;39m Started NearByProBackendApplicationTests in 2.046 seconds (process running for 2.711)
&amp#27;[2m2025-05-17T17:46:21.751+05:30&amp#27;[0;39m &amp#27;[32m INFO&amp#27;[0;39m &amp#27;[35m31255&amp#27;[0;39m &amp#27;[2m---&amp#27;[0;39m &amp#27;[2m[NearBy-Pro-Backend] [ngodb.net:27017]&amp#27;[0;39m &amp#27;[2m&amp#27;[0;39m&amp#27;[36morg.mongodb.driver.cluster              &amp#27;[0;39m &amp#27;[2m:&amp#27;[0;39m Monitor thread successfully connected to server with description ServerDescription{address=ac-fgogpmb-shard-00-01.rbcanbq.mongodb.net:27017, type=REPLICA_SET_SECONDARY, state=CONNECTED, ok=true, minWireVersion=0, maxWireVersion=25, maxDocumentSize=16777216, logicalSessionTimeoutMinutes=30, roundTripTimeNanos=354788250, setName='atlas-13oxx1-shard-0', canonicalAddress=ac-fgogpmb-shard-00-01.rbcanbq.mongodb.net:27017, hosts=[ac-fgogpmb-shard-00-02.rbcanbq.mongodb.net:27017, ac-fgogpmb-shard-00-01.rbcanbq.mongodb.net:27017, ac-fgogpmb-shard-00-00.rbcanbq.mongodb.net:27017], passives=[], arbiters=[], primary='ac-fgogpmb-shard-00-02.rbcanbq.mongodb.net:27017', tagSet=TagSet{[Tag{name='availabilityZone', value='aps1-az3'}, Tag{name='diskState', value='READY'}, Tag{name='nodeType', value='ELECTABLE'}, Tag{name='provider', value='AWS'}, Tag{name='region', value='AP_SOUTH_1'}, Tag{name='workloadType', value='OPERATIONAL'}]}, electionId=null, setVersion=234, topologyVersion=TopologyVersion{processId=682254ba8a696488f4e52820, counter=3}, lastWriteDate=Sat May 17 17:46:21 IST 2025, lastUpdateTimeNanos=308313075173958}
&amp#27;[2m2025-05-17T17:46:21.754+05:30&amp#27;[0;39m &amp#27;[32m INFO&amp#27;[0;39m &amp#27;[35m31255&amp#27;[0;39m &amp#27;[2m---&amp#27;[0;39m &amp#27;[2m[NearBy-Pro-Backend] [ngodb.net:27017]&amp#27;[0;39m &amp#27;[2m&amp#27;[0;39m&amp#27;[36morg.mongodb.driver.cluster              &amp#27;[0;39m &amp#27;[2m:&amp#27;[0;39m Monitor thread successfully connected to server with description ServerDescription{address=ac-fgogpmb-shard-00-00.rbcanbq.mongodb.net:27017, type=REPLICA_SET_SECONDARY, state=CONNECTED, ok=true, minWireVersion=0, maxWireVersion=25, maxDocumentSize=16777216, logicalSessionTimeoutMinutes=30, roundTripTimeNanos=356203541, setName='atlas-13oxx1-shard-0', canonicalAddress=ac-fgogpmb-shard-00-00.rbcanbq.mongodb.net:27017, hosts=[ac-fgogpmb-shard-00-02.rbcanbq.mongodb.net:27017, ac-fgogpmb-shard-00-01.rbcanbq.mongodb.net:27017, ac-fgogpmb-shard-00-00.rbcanbq.mongodb.net:27017], passives=[], arbiters=[], primary='ac-fgogpmb-shard-00-02.rbcanbq.mongodb.net:27017', tagSet=TagSet{[Tag{name='availabilityZone', value='aps1-az1'}, Tag{name='diskState', value='READY'}, Tag{name='nodeType', value='ELECTABLE'}, Tag{name='provider', value='AWS'}, Tag{name='region', value='AP_SOUTH_1'}, Tag{name='workloadType', value='OPERATIONAL'}]}, electionId=null, setVersion=234, topologyVersion=TopologyVersion{processId=68225399ce0774362a733bfa, counter=4}, lastWriteDate=Sat May 17 17:46:21 IST 2025, lastUpdateTimeNanos=308313076587041}
&amp#27;[2m2025-05-17T17:46:21.754+05:30&amp#27;[0;39m &amp#27;[32m INFO&amp#27;[0;39m &amp#27;[35m31255&amp#27;[0;39m &amp#27;[2m---&amp#27;[0;39m &amp#27;[2m[NearBy-Pro-Backend] [ngodb.net:27017]&amp#27;[0;39m &amp#27;[2m&amp#27;[0;39m&amp#27;[36morg.mongodb.driver.cluster              &amp#27;[0;39m &amp#27;[2m:&amp#27;[0;39m Monitor thread successfully connected to server with description ServerDescription{address=ac-fgogpmb-shard-00-02.rbcanbq.mongodb.net:27017, type=REPLICA_SET_PRIMARY, state=CONNECTED, ok=true, minWireVersion=0, maxWireVersion=25, maxDocumentSize=16777216, logicalSessionTimeoutMinutes=30, roundTripTimeNanos=359155125, setName='atlas-13oxx1-shard-0', canonicalAddress=ac-fgogpmb-shard-00-02.rbcanbq.mongodb.net:27017, hosts=[ac-fgogpmb-shard-00-02.rbcanbq.mongodb.net:27017, ac-fgogpmb-shard-00-01.rbcanbq.mongodb.net:27017, ac-fgogpmb-shard-00-00.rbcanbq.mongodb.net:27017], passives=[], arbiters=[], primary='ac-fgogpmb-shard-00-02.rbcanbq.mongodb.net:27017', tagSet=TagSet{[Tag{name='availabilityZone', value='aps1-az2'}, Tag{name='diskState', value='READY'}, Tag{name='nodeType', value='ELECTABLE'}, Tag{name='provider', value='AWS'}, Tag{name='region', value='AP_SOUTH_1'}, Tag{name='workloadType', value='OPERATIONAL'}]}, electionId=7fffffff0000000000000218, setVersion=234, topologyVersion=TopologyVersion{processId=682254718d2a145098f2a0d6, counter=6}, lastWriteDate=Sat May 17 17:46:21 IST 2025, lastUpdateTimeNanos=308313079535625}
&amp#27;[2m2025-05-17T17:46:21.757+05:30&amp#27;[0;39m &amp#27;[32m INFO&amp#27;[0;39m &amp#27;[35m31255&amp#27;[0;39m &amp#27;[2m---&amp#27;[0;39m &amp#27;[2m[NearBy-Pro-Backend] [ngodb.net:27017]&amp#27;[0;39m &amp#27;[2m&amp#27;[0;39m&amp#27;[36morg.mongodb.driver.cluster              &amp#27;[0;39m &amp#27;[2m:&amp#27;[0;39m Discovered replica set primary ac-fgogpmb-shard-00-02.rbcanbq.mongodb.net:27017 with max election id 7fffffff0000000000000218 and max set version 234
]]></system-out>
    <system-err><![CDATA[WARNING: A Java agent has been loaded dynamically (/Users/rajanjaiswal/.m2/repository/net/bytebuddy/byte-buddy-agent/1.14.12/byte-buddy-agent-1.14.12.jar)
WARNING: If a serviceability tool is in use, please run with -XX:+EnableDynamicAgentLoading to hide this warning
WARNING: If a serviceability tool is not in use, please run with -Djdk.instrument.traceUsage for more information
WARNING: Dynamic loading of agents will be disallowed by default in a future release
]]></system-err>
  </testcase>
</testsuite>